{
  "RSpec": {
    "coverage": {
      "/Users/adamjonas/Projects/makers/week-1/boris-bikes/lib/boris_bikes.rb": [
        1,
        1,
        1,
        1,
        1,
        1,
        1
      ],
      "/Users/adamjonas/Projects/makers/week-1/boris-bikes/lib/docking_station.rb": [
        1,
        null,
        1,
        1,
        null,
        1,
        null,
        1,
        4,
        3,
        2,
        null,
        null,
        1,
        68,
        67,
        null,
        null,
        1,
        null,
        1,
        6,
        null,
        null,
        1,
        70,
        null,
        null,
        1,
        8,
        null,
        null,
        1,
        4,
        null,
        null
      ],
      "/Users/adamjonas/Projects/makers/week-1/boris-bikes/lib/bike_container.rb": [
        1,
        1,
        null,
        1,
        37,
        37,
        null,
        null
      ],
      "/Users/adamjonas/Projects/makers/week-1/boris-bikes/lib/bike.rb": [
        1,
        1,
        null,
        1,
        1,
        null,
        1,
        2,
        null,
        null,
        1,
        1,
        1,
        null,
        null
      ],
      "/Users/adamjonas/Projects/makers/week-1/boris-bikes/lib/exceptions.rb": [
        1,
        1,
        null,
        1,
        2,
        null,
        null,
        null,
        1,
        1,
        null,
        1,
        2,
        null,
        null,
        null,
        1,
        1,
        null,
        1,
        2,
        null,
        null
      ],
      "/Users/adamjonas/Projects/makers/week-1/boris-bikes/lib/van.rb": [
        1,
        null,
        1,
        1,
        null,
        1,
        null,
        1,
        12,
        12,
        12,
        null,
        null,
        1,
        9,
        9,
        9,
        null,
        null,
        1,
        6,
        6,
        null,
        null,
        1,
        2,
        2,
        null,
        null,
        1,
        2,
        2,
        null,
        null,
        1,
        null,
        1,
        120,
        null,
        null,
        1,
        120,
        null,
        null,
        1,
        143,
        null,
        null,
        1,
        143,
        null,
        null
      ],
      "/Users/adamjonas/Projects/makers/week-1/boris-bikes/lib/garage.rb": [
        1,
        null,
        1,
        1,
        null,
        1,
        null,
        null
      ],
      "/Users/adamjonas/Projects/makers/week-1/boris-bikes/spec/bike_container_spec.rb": [
        1,
        3,
        6,
        null,
        3,
        6,
        6,
        null,
        null,
        3,
        3,
        3,
        3,
        null,
        null,
        null,
        null,
        null,
        1,
        1,
        null,
        null,
        1,
        1,
        null,
        null,
        1,
        1,
        null
      ],
      "/Users/adamjonas/Projects/makers/week-1/boris-bikes/spec/bike_spec.rb": [
        1,
        3,
        null,
        1,
        1,
        null,
        null,
        1,
        1,
        1,
        1,
        null,
        null,
        null
      ],
      "/Users/adamjonas/Projects/makers/week-1/boris-bikes/spec/docking_station_spec.rb": [
        1,
        9,
        3,
        null,
        1,
        1,
        4,
        3,
        null,
        2,
        null,
        1,
        1,
        null,
        null,
        1,
        1,
        null,
        null,
        null,
        1,
        1,
        2,
        null,
        null,
        null,
        1,
        1,
        1,
        2,
        null,
        null,
        null,
        null,
        1,
        1,
        2,
        null,
        1,
        1,
        1,
        null,
        null,
        null,
        1,
        1,
        20,
        2,
        null,
        null,
        null,
        1,
        1,
        21,
        2,
        null,
        null,
        null,
        null,
        1,
        1,
        1,
        1,
        null,
        null,
        null,
        1,
        1,
        1,
        1,
        null,
        null,
        null,
        null,
        1,
        1,
        1,
        1,
        null,
        null,
        null,
        1,
        1,
        21,
        1,
        null,
        null,
        null,
        null,
        1,
        2,
        1,
        1,
        null,
        null,
        1,
        1,
        null,
        null,
        null,
        1,
        1,
        1,
        1,
        1,
        null,
        null,
        null,
        null
      ],
      "/Users/adamjonas/Projects/makers/week-1/boris-bikes/spec/exceptions_spec.rb": [
        1,
        3,
        6,
        null,
        null,
        null,
        1,
        1,
        null,
        null,
        1,
        1,
        null,
        null,
        1,
        1,
        null
      ],
      "/Users/adamjonas/Projects/makers/week-1/boris-bikes/spec/van_spec.rb": [
        1,
        16,
        15,
        15,
        3,
        13,
        null,
        1,
        1,
        1,
        3,
        null,
        1,
        1,
        null,
        null,
        1,
        1,
        null,
        null,
        null,
        1,
        2,
        2,
        null,
        1,
        1,
        null,
        null,
        null,
        1,
        4,
        null,
        1,
        1,
        null,
        null,
        1,
        7,
        null,
        null,
        1,
        1,
        null,
        null,
        null,
        null,
        1,
        4,
        1,
        1,
        null,
        null,
        1,
        7,
        null,
        null,
        1,
        1,
        null,
        null,
        null,
        1,
        3,
        1,
        1,
        null,
        null,
        1,
        1,
        null,
        null,
        null,
        null,
        1,
        5,
        5,
        null,
        1,
        3,
        3,
        null,
        1,
        1,
        null,
        null,
        1,
        1,
        null,
        null,
        null,
        1,
        3,
        3,
        null,
        1,
        1,
        null,
        null,
        1,
        1,
        null,
        null,
        null,
        null
      ]
    },
    "timestamp": 1613114121
  }
}
